Build started 12/17/2014 12:56:06 AM.
     1>Project "C:\Users\Zach\Documents\cuFluids\cuFluids\cuFluids.vcxproj" on node 2 (Build target(s)).
     1>Link:
         C:\Program Files (x86)\Microsoft Visual Studio 12.0\VC\bin\link.exe /ERRORREPORT:PROMPT /OUT:"C:\Users\Zach\Documents\cuFluids\Release\cuFluids.exe" /NOLOGO /LIBPATH:"C:\Program Files\NVIDIA GPU Computing Toolkit\CUDA\v6.5\lib\Win32" PxTask.lib PhysX3Extensions.lib PhysX3_x86.lib PhysX3Common_x86.lib SOIL.lib glew32.lib glfw3.lib opengl32.lib cudadevrt.lib cudart_static.lib kernel32.lib user32.lib gdi32.lib winspool.lib comdlg32.lib advapi32.lib shell32.lib ole32.lib oleaut32.lib uuid.lib odbc32.lib odbccp32.lib cudart.lib kernel32.lib user32.lib gdi32.lib winspool.lib comdlg32.lib advapi32.lib shell32.lib ole32.lib oleaut32.lib uuid.lib odbc32.lib odbccp32.lib kernel32.lib user32.lib gdi32.lib winspool.lib comdlg32.lib advapi32.lib shell32.lib ole32.lib oleaut32.lib uuid.lib odbc32.lib odbccp32.lib /MANIFEST /MANIFESTUAC:"level='asInvoker' uiAccess='false'" /manifest:embed /DEBUG /PDB:"C:\Users\Zach\Documents\cuFluids\Release\cuFluids.pdb" /SUBSYSTEM:CONSOLE /OPT:REF /OPT:ICF /LTCG /TLBID:1 /DYNAMICBASE /NXCOMPAT /IMPLIB:"C:\Users\Zach\Documents\cuFluids\Release\cuFluids.lib" /MACHINE:X86 /SAFESEH Release\kernel.cu.obj
         Release\box.obj
         Release\controls.obj
         Release\Point.obj
         Release\shader.obj
         Release\texture.obj
         "Release\cuFluids.device-link.obj"
     1>PhysX3Extensions.lib(ExtDefaultSimulationFilterShader.obj) : error LNK2038: mismatch detected for '_MSC_VER': value '1700' doesn't match value '1800' in kernel.cu.obj
     1>PhysX3Extensions.lib(ExtDefaultErrorCallback.obj) : error LNK2038: mismatch detected for '_MSC_VER': value '1700' doesn't match value '1800' in kernel.cu.obj
     1>PhysX3Extensions.lib(ExtExtensions.obj) : error LNK2038: mismatch detected for '_MSC_VER': value '1700' doesn't match value '1800' in kernel.cu.obj
     1>PhysX3Extensions.lib(ExtDistanceJoint.obj) : error LNK2038: mismatch detected for '_MSC_VER': value '1700' doesn't match value '1800' in kernel.cu.obj
     1>PhysX3Extensions.lib(ExtD6Joint.obj) : error LNK2038: mismatch detected for '_MSC_VER': value '1700' doesn't match value '1800' in kernel.cu.obj
     1>PhysX3Extensions.lib(ExtFixedJoint.obj) : error LNK2038: mismatch detected for '_MSC_VER': value '1700' doesn't match value '1800' in kernel.cu.obj
     1>PhysX3Extensions.lib(ExtPrismaticJoint.obj) : error LNK2038: mismatch detected for '_MSC_VER': value '1700' doesn't match value '1800' in kernel.cu.obj
     1>PhysX3Extensions.lib(ExtRevoluteJoint.obj) : error LNK2038: mismatch detected for '_MSC_VER': value '1700' doesn't match value '1800' in kernel.cu.obj
     1>PhysX3Extensions.lib(ExtSphericalJoint.obj) : error LNK2038: mismatch detected for '_MSC_VER': value '1700' doesn't match value '1800' in kernel.cu.obj
     1>PhysX3Extensions.lib(SnRepXCoreSerializer.obj) : error LNK2038: mismatch detected for '_MSC_VER': value '1700' doesn't match value '1800' in kernel.cu.obj
     1>PhysX3Extensions.lib(SnJointRepXSerializer.obj) : error LNK2038: mismatch detected for '_MSC_VER': value '1700' doesn't match value '1800' in kernel.cu.obj
     1>PhysX3Extensions.lib(ExtDistanceJointSolverPrep.obj) : error LNK2038: mismatch detected for '_MSC_VER': value '1700' doesn't match value '1800' in kernel.cu.obj
     1>PhysX3Extensions.lib(ExtJoint.obj) : error LNK2038: mismatch detected for '_MSC_VER': value '1700' doesn't match value '1800' in kernel.cu.obj
     1>PhysX3Extensions.lib(ExtD6JointSolverPrep.obj) : error LNK2038: mismatch detected for '_MSC_VER': value '1700' doesn't match value '1800' in kernel.cu.obj
     1>PhysX3Extensions.lib(ExtFixedJointSolverPrep.obj) : error LNK2038: mismatch detected for '_MSC_VER': value '1700' doesn't match value '1800' in kernel.cu.obj
     1>PhysX3Extensions.lib(ExtPrismaticJointSolverPrep.obj) : error LNK2038: mismatch detected for '_MSC_VER': value '1700' doesn't match value '1800' in kernel.cu.obj
     1>PhysX3Extensions.lib(ExtRevoluteJointSolverPrep.obj) : error LNK2038: mismatch detected for '_MSC_VER': value '1700' doesn't match value '1800' in kernel.cu.obj
     1>PhysX3Extensions.lib(ExtSphericalJointSolverPrep.obj) : error LNK2038: mismatch detected for '_MSC_VER': value '1700' doesn't match value '1800' in kernel.cu.obj
     1>MSVCRT.lib(MSVCR120.dll) : error LNK2005: _strncmp already defined in LIBCMT.lib(strncmp.obj)
            Creating library C:\Users\Zach\Documents\cuFluids\Release\cuFluids.lib and object C:\Users\Zach\Documents\cuFluids\Release\cuFluids.exp
     1>LINK : warning LNK4098: defaultlib 'MSVCRT' conflicts with use of other libs; use /NODEFAULTLIB:library
     1>C:\Users\Zach\Documents\cuFluids\Release\cuFluids.exe : fatal error LNK1169: one or more multiply defined symbols found
     1>Done Building Project "C:\Users\Zach\Documents\cuFluids\cuFluids\cuFluids.vcxproj" (Build target(s)) -- FAILED.

Build FAILED.

Time Elapsed 00:00:00.36
