C:\USERS\ZACH\DOCUMENTS\VISUAL STUDIO 2012\PROJECTS\CUFLUIDS\SMOOTH PARTICLES\DEBUG\OGL.OBJ
C:\USERS\ZACH\DOCUMENTS\VISUAL STUDIO 2012\PROJECTS\CUFLUIDS\SMOOTH PARTICLES\DEBUG\VC110.PDB
C:\USERS\ZACH\DOCUMENTS\VISUAL STUDIO 2012\PROJECTS\CUFLUIDS\SMOOTH PARTICLES\DEBUG\SHADERS.OBJ
C:\USERS\ZACH\DOCUMENTS\VISUAL STUDIO 2012\PROJECTS\CUFLUIDS\SMOOTH PARTICLES\DEBUG\PARTICLES.OBJ
C:\USERS\ZACH\DOCUMENTS\VISUAL STUDIO 2012\PROJECTS\CUFLUIDS\SMOOTH PARTICLES\DEBUG\SYSTEM.OBJ
C:\USERS\ZACH\DOCUMENTS\VISUAL STUDIO 2012\PROJECTS\CUFLUIDS\SMOOTH PARTICLES\DEBUG\SMOOTH PARTICLES.ILK
C:\USERS\ZACH\DOCUMENTS\VISUAL STUDIO 2012\PROJECTS\CUFLUIDS\SMOOTH PARTICLES\DEBUG\SMOOTH PARTICLES.EXE
C:\USERS\ZACH\DOCUMENTS\VISUAL STUDIO 2012\PROJECTS\CUFLUIDS\SMOOTH PARTICLES\DEBUG\SMOOTH PARTICLES.PDB
C:\Users\Zach\Documents\Visual Studio 2012\Projects\cuFluids\Smooth Particles\Debug\ogl.obj
C:\Users\Zach\Documents\Visual Studio 2012\Projects\cuFluids\Smooth Particles\Debug\Particles.obj
C:\Users\Zach\Documents\Visual Studio 2012\Projects\cuFluids\Smooth Particles\Debug\shaders.obj
C:\Users\Zach\Documents\Visual Studio 2012\Projects\cuFluids\Smooth Particles\Debug\System.obj
C:\Users\Zach\Documents\Visual Studio 2012\Projects\cuFluids\Smooth Particles\Debug\Smooth Particles.ilk
C:\Users\Zach\Documents\Visual Studio 2012\Projects\cuFluids\Smooth Particles\Debug\cl.command.1.tlog
C:\Users\Zach\Documents\Visual Studio 2012\Projects\cuFluids\Smooth Particles\Debug\CL.read.1.tlog
C:\Users\Zach\Documents\Visual Studio 2012\Projects\cuFluids\Smooth Particles\Debug\CL.write.1.tlog
C:\Users\Zach\Documents\Visual Studio 2012\Projects\cuFluids\Smooth Particles\Debug\link-cvtres.read.1.tlog
C:\Users\Zach\Documents\Visual Studio 2012\Projects\cuFluids\Smooth Particles\Debug\link-cvtres.write.1.tlog
C:\Users\Zach\Documents\Visual Studio 2012\Projects\cuFluids\Smooth Particles\Debug\link-rc.read.1.tlog
C:\Users\Zach\Documents\Visual Studio 2012\Projects\cuFluids\Smooth Particles\Debug\link-rc.write.1.tlog
C:\Users\Zach\Documents\Visual Studio 2012\Projects\cuFluids\Smooth Particles\Debug\link.25216-cvtres.read.1.tlog
C:\Users\Zach\Documents\Visual Studio 2012\Projects\cuFluids\Smooth Particles\Debug\link.25216-cvtres.write.1.tlog
C:\Users\Zach\Documents\Visual Studio 2012\Projects\cuFluids\Smooth Particles\Debug\link.25216-rc.read.1.tlog
C:\Users\Zach\Documents\Visual Studio 2012\Projects\cuFluids\Smooth Particles\Debug\link.25216-rc.write.1.tlog
C:\Users\Zach\Documents\Visual Studio 2012\Projects\cuFluids\Smooth Particles\Debug\link.25216.read.1.tlog
C:\Users\Zach\Documents\Visual Studio 2012\Projects\cuFluids\Smooth Particles\Debug\link.25216.write.1.tlog
C:\Users\Zach\Documents\Visual Studio 2012\Projects\cuFluids\Smooth Particles\Debug\link.37132-cvtres.read.1.tlog
C:\Users\Zach\Documents\Visual Studio 2012\Projects\cuFluids\Smooth Particles\Debug\link.37132-cvtres.write.1.tlog
C:\Users\Zach\Documents\Visual Studio 2012\Projects\cuFluids\Smooth Particles\Debug\link.37132-rc.read.1.tlog
C:\Users\Zach\Documents\Visual Studio 2012\Projects\cuFluids\Smooth Particles\Debug\link.37132-rc.write.1.tlog
C:\Users\Zach\Documents\Visual Studio 2012\Projects\cuFluids\Smooth Particles\Debug\link.37132.read.1.tlog
C:\Users\Zach\Documents\Visual Studio 2012\Projects\cuFluids\Smooth Particles\Debug\link.37132.write.1.tlog
C:\Users\Zach\Documents\Visual Studio 2012\Projects\cuFluids\Smooth Particles\Debug\link.39112-cvtres.read.1.tlog
C:\Users\Zach\Documents\Visual Studio 2012\Projects\cuFluids\Smooth Particles\Debug\link.39112-cvtres.write.1.tlog
C:\Users\Zach\Documents\Visual Studio 2012\Projects\cuFluids\Smooth Particles\Debug\link.39112-rc.read.1.tlog
C:\Users\Zach\Documents\Visual Studio 2012\Projects\cuFluids\Smooth Particles\Debug\link.39112-rc.write.1.tlog
C:\Users\Zach\Documents\Visual Studio 2012\Projects\cuFluids\Smooth Particles\Debug\link.39112.read.1.tlog
C:\Users\Zach\Documents\Visual Studio 2012\Projects\cuFluids\Smooth Particles\Debug\link.39112.write.1.tlog
C:\Users\Zach\Documents\Visual Studio 2012\Projects\cuFluids\Smooth Particles\Debug\link.65188-cvtres.read.1.tlog
C:\Users\Zach\Documents\Visual Studio 2012\Projects\cuFluids\Smooth Particles\Debug\link.65188-cvtres.write.1.tlog
C:\Users\Zach\Documents\Visual Studio 2012\Projects\cuFluids\Smooth Particles\Debug\link.65188-rc.read.1.tlog
C:\Users\Zach\Documents\Visual Studio 2012\Projects\cuFluids\Smooth Particles\Debug\link.65188-rc.write.1.tlog
C:\Users\Zach\Documents\Visual Studio 2012\Projects\cuFluids\Smooth Particles\Debug\link.65188.read.1.tlog
C:\Users\Zach\Documents\Visual Studio 2012\Projects\cuFluids\Smooth Particles\Debug\link.65188.write.1.tlog
C:\Users\Zach\Documents\Visual Studio 2012\Projects\cuFluids\Smooth Particles\Debug\link.70328-cvtres.read.1.tlog
C:\Users\Zach\Documents\Visual Studio 2012\Projects\cuFluids\Smooth Particles\Debug\link.70328-cvtres.write.1.tlog
C:\Users\Zach\Documents\Visual Studio 2012\Projects\cuFluids\Smooth Particles\Debug\link.70328-rc.read.1.tlog
C:\Users\Zach\Documents\Visual Studio 2012\Projects\cuFluids\Smooth Particles\Debug\link.70328-rc.write.1.tlog
C:\Users\Zach\Documents\Visual Studio 2012\Projects\cuFluids\Smooth Particles\Debug\link.70328.read.1.tlog
C:\Users\Zach\Documents\Visual Studio 2012\Projects\cuFluids\Smooth Particles\Debug\link.70328.write.1.tlog
C:\Users\Zach\Documents\Visual Studio 2012\Projects\cuFluids\Smooth Particles\Debug\link.71304-cvtres.read.1.tlog
C:\Users\Zach\Documents\Visual Studio 2012\Projects\cuFluids\Smooth Particles\Debug\link.71304-cvtres.write.1.tlog
C:\Users\Zach\Documents\Visual Studio 2012\Projects\cuFluids\Smooth Particles\Debug\link.71304-rc.read.1.tlog
C:\Users\Zach\Documents\Visual Studio 2012\Projects\cuFluids\Smooth Particles\Debug\link.71304-rc.write.1.tlog
C:\Users\Zach\Documents\Visual Studio 2012\Projects\cuFluids\Smooth Particles\Debug\link.71304.read.1.tlog
C:\Users\Zach\Documents\Visual Studio 2012\Projects\cuFluids\Smooth Particles\Debug\link.71304.write.1.tlog
C:\Users\Zach\Documents\Visual Studio 2012\Projects\cuFluids\Smooth Particles\Debug\link.71836-cvtres.read.1.tlog
C:\Users\Zach\Documents\Visual Studio 2012\Projects\cuFluids\Smooth Particles\Debug\link.71836-cvtres.write.1.tlog
C:\Users\Zach\Documents\Visual Studio 2012\Projects\cuFluids\Smooth Particles\Debug\link.71836-rc.read.1.tlog
C:\Users\Zach\Documents\Visual Studio 2012\Projects\cuFluids\Smooth Particles\Debug\link.71836-rc.write.1.tlog
C:\Users\Zach\Documents\Visual Studio 2012\Projects\cuFluids\Smooth Particles\Debug\link.71836.read.1.tlog
C:\Users\Zach\Documents\Visual Studio 2012\Projects\cuFluids\Smooth Particles\Debug\link.71836.write.1.tlog
C:\Users\Zach\Documents\Visual Studio 2012\Projects\cuFluids\Smooth Particles\Debug\link.72432-cvtres.read.1.tlog
C:\Users\Zach\Documents\Visual Studio 2012\Projects\cuFluids\Smooth Particles\Debug\link.72432-cvtres.write.1.tlog
C:\Users\Zach\Documents\Visual Studio 2012\Projects\cuFluids\Smooth Particles\Debug\link.72432-rc.read.1.tlog
C:\Users\Zach\Documents\Visual Studio 2012\Projects\cuFluids\Smooth Particles\Debug\link.72432-rc.write.1.tlog
C:\Users\Zach\Documents\Visual Studio 2012\Projects\cuFluids\Smooth Particles\Debug\link.72432.read.1.tlog
C:\Users\Zach\Documents\Visual Studio 2012\Projects\cuFluids\Smooth Particles\Debug\link.72432.write.1.tlog
C:\Users\Zach\Documents\Visual Studio 2012\Projects\cuFluids\Smooth Particles\Debug\link.73120-cvtres.read.1.tlog
C:\Users\Zach\Documents\Visual Studio 2012\Projects\cuFluids\Smooth Particles\Debug\link.73120-cvtres.write.1.tlog
C:\Users\Zach\Documents\Visual Studio 2012\Projects\cuFluids\Smooth Particles\Debug\link.73120-rc.read.1.tlog
C:\Users\Zach\Documents\Visual Studio 2012\Projects\cuFluids\Smooth Particles\Debug\link.73120-rc.write.1.tlog
C:\Users\Zach\Documents\Visual Studio 2012\Projects\cuFluids\Smooth Particles\Debug\link.73120.read.1.tlog
C:\Users\Zach\Documents\Visual Studio 2012\Projects\cuFluids\Smooth Particles\Debug\link.73120.write.1.tlog
C:\Users\Zach\Documents\Visual Studio 2012\Projects\cuFluids\Smooth Particles\Debug\link.command.1.tlog
C:\Users\Zach\Documents\Visual Studio 2012\Projects\cuFluids\Smooth Particles\Debug\link.read.1.tlog
C:\Users\Zach\Documents\Visual Studio 2012\Projects\cuFluids\Smooth Particles\Debug\link.write.1.tlog
C:\Users\Zach\Documents\Visual Studio 2012\Projects\cuFluids\Smooth Particles\Debug\vc110.idb
C:\Users\Zach\Documents\Visual Studio 2012\Projects\cuFluids\Smooth Particles\Debug\Smooth Particles.pdb
C:\Users\Zach\Documents\Visual Studio 2012\Projects\cuFluids\Smooth Particles\Debug\vc110.pdb
C:\Users\Zach\Documents\Visual Studio 2012\Projects\cuFluids\Smooth Particles\Debug\Smooth Particles.exe
