Build started 8/5/2014 3:08:24 PM.
     1>Project "C:\Users\Zach\Documents\Visual Studio 2012\Projects\cuFluids\Smooth Particles\Smooth Particles.vcxproj" on node 2 (Build target(s)).
     1>ClCompile:
         C:\Program Files (x86)\Microsoft Visual Studio 11.0\VC\bin\CL.exe /c /Zi /nologo /W3 /WX- /sdl /Od /Oy- /D _CRT_SECURE_NO_WARNINGS /D _MBCS /D _MBCS /Gm /EHsc /RTC1 /MDd /GS /fp:precise /Zc:wchar_t /Zc:forScope /Fo"Debug\\" /Fd"Debug\vc110.pdb" /Gd /TP /analyze- /errorReport:prompt Particles.cpp System.cpp ogl.cpp
         Particles.cpp
     1>Particles.cpp(19): warning C4244: '=' : conversion from 'int' to 'float', possible loss of data
     1>Particles.cpp(25): warning C4244: '=' : conversion from 'double' to 'float', possible loss of data
     1>Particles.cpp(26): warning C4244: '=' : conversion from 'double' to 'float', possible loss of data
     1>Particles.cpp(27): warning C4244: '=' : conversion from 'double' to 'float', possible loss of data
         Generating Code...
         Skipping... (no relevant changes detected)
         ogl.cpp
         System.cpp
       Link:
         C:\Program Files (x86)\Microsoft Visual Studio 11.0\VC\bin\link.exe /ERRORREPORT:PROMPT /OUT:"C:\Users\Zach\Documents\Visual Studio 2012\Projects\cuFluids\Smooth Particles\Debug\Smooth Particles.exe" /INCREMENTAL /NOLOGO glfw3.lib glew32.lib opengl32.lib kernel32.lib user32.lib gdi32.lib winspool.lib comdlg32.lib advapi32.lib shell32.lib ole32.lib oleaut32.lib uuid.lib odbc32.lib odbccp32.lib kernel32.lib user32.lib gdi32.lib winspool.lib comdlg32.lib advapi32.lib shell32.lib ole32.lib oleaut32.lib uuid.lib odbc32.lib odbccp32.lib /MANIFEST /MANIFESTUAC:"level='asInvoker' uiAccess='false'" /manifest:embed /DEBUG /PDB:"C:\Users\Zach\Documents\Visual Studio 2012\Projects\cuFluids\Smooth Particles\Debug\Smooth Particles.pdb" /TLBID:1 /DYNAMICBASE /NXCOMPAT /IMPLIB:"C:\Users\Zach\Documents\Visual Studio 2012\Projects\cuFluids\Smooth Particles\Debug\Smooth Particles.lib" /MACHINE:X86 Debug\ogl.obj
         Debug\Particles.obj
         Debug\System.obj
         Smooth Particles.vcxproj -> C:\Users\Zach\Documents\Visual Studio 2012\Projects\cuFluids\Smooth Particles\Debug\Smooth Particles.exe
     1>Done Building Project "C:\Users\Zach\Documents\Visual Studio 2012\Projects\cuFluids\Smooth Particles\Smooth Particles.vcxproj" (Build target(s)).

Build succeeded.

Time Elapsed 00:00:01.93
