Build started 11/27/2014 10:19:16 PM.
     1>Project "C:\Users\Zach\Documents\GitHub\cuFluids\cuFluids\cuFluids\cuFluids.vcxproj" on node 2 (Build target(s)).
     1>Link:
         C:\Program Files (x86)\Microsoft Visual Studio 12.0\VC\bin\link.exe /ERRORREPORT:PROMPT /OUT:"C:\Users\Zach\Documents\GitHub\cuFluids\cuFluids\Debug\cuFluids.exe" /INCREMENTAL /NOLOGO /LIBPATH:"C:\Program Files\NVIDIA GPU Computing Toolkit\CUDA\v6.5\lib\Win32" glew32.lib glfw3.lib opengl32.lib cudadevrt.lib cudart.lib kernel32.lib user32.lib gdi32.lib winspool.lib comdlg32.lib advapi32.lib shell32.lib ole32.lib oleaut32.lib uuid.lib odbc32.lib odbccp32.lib kernel32.lib user32.lib gdi32.lib winspool.lib comdlg32.lib advapi32.lib shell32.lib ole32.lib oleaut32.lib uuid.lib odbc32.lib odbccp32.lib /MANIFEST /MANIFESTUAC:"level='asInvoker' uiAccess='false'" /manifest:embed /DEBUG /PDB:"C:\Users\Zach\Documents\GitHub\cuFluids\cuFluids\Debug\cuFluids.pdb" /SUBSYSTEM:CONSOLE /TLBID:1 /DYNAMICBASE /NXCOMPAT /IMPLIB:"C:\Users\Zach\Documents\GitHub\cuFluids\cuFluids\Debug\cuFluids.lib" /MACHINE:X86 Debug\kernel.cu.obj
         Debug\controls.obj
         Debug\Point.obj
         Debug\shader.obj
         Debug\texture.obj
     1>LINK : warning LNK4098: defaultlib 'MSVCRT' conflicts with use of other libs; use /NODEFAULTLIB:library
         cuFluids.vcxproj -> C:\Users\Zach\Documents\GitHub\cuFluids\cuFluids\Debug\cuFluids.exe
       PostBuildEvent:
         echo copy "C:\Program Files\NVIDIA GPU Computing Toolkit\CUDA\v6.5\bin\cudart*.dll" "C:\Users\Zach\Documents\GitHub\cuFluids\cuFluids\Debug\"
         copy "C:\Program Files\NVIDIA GPU Computing Toolkit\CUDA\v6.5\bin\cudart*.dll" "C:\Users\Zach\Documents\GitHub\cuFluids\cuFluids\Debug\"
         :VCEnd
         copy "C:\Program Files\NVIDIA GPU Computing Toolkit\CUDA\v6.5\bin\cudart*.dll" "C:\Users\Zach\Documents\GitHub\cuFluids\cuFluids\Debug\"
         C:\Program Files\NVIDIA GPU Computing Toolkit\CUDA\v6.5\bin\cudart32_65.dll
         C:\Program Files\NVIDIA GPU Computing Toolkit\CUDA\v6.5\bin\cudart64_65.dll
                 2 file(s) copied.
     1>Done Building Project "C:\Users\Zach\Documents\GitHub\cuFluids\cuFluids\cuFluids\cuFluids.vcxproj" (Build target(s)).

Build succeeded.

Time Elapsed 00:00:02.65
