C:\USERS\ZACH\DOCUMENTS\VISUAL STUDIO 2012\PROJECTS\CUFLUIDS\FLUID RENDERER\OPENGL V1.01\DEBUG\VBOINDEXER.OBJ
C:\USERS\ZACH\DOCUMENTS\VISUAL STUDIO 2012\PROJECTS\CUFLUIDS\FLUID RENDERER\OPENGL V1.01\DEBUG\OGL.OBJ
C:\USERS\ZACH\DOCUMENTS\VISUAL STUDIO 2012\PROJECTS\CUFLUIDS\FLUID RENDERER\OPENGL V1.01\DEBUG\VC110.PDB
C:\USERS\ZACH\DOCUMENTS\VISUAL STUDIO 2012\PROJECTS\CUFLUIDS\FLUID RENDERER\DEBUG\FLUIDSRENDERER.ILK
C:\USERS\ZACH\DOCUMENTS\VISUAL STUDIO 2012\PROJECTS\CUFLUIDS\FLUID RENDERER\DEBUG\FLUIDSRENDERER.EXE
C:\USERS\ZACH\DOCUMENTS\VISUAL STUDIO 2012\PROJECTS\CUFLUIDS\FLUID RENDERER\DEBUG\FLUIDSRENDERER.PDB
C:\Users\Zach\Documents\Visual Studio 2012\Projects\cuFluids\Fluid Renderer\OpenGL v1.01\Debug\ogl.obj
C:\Users\Zach\Documents\Visual Studio 2012\Projects\cuFluids\Fluid Renderer\OpenGL v1.01\Debug\vboindexer.obj
C:\Users\Zach\Documents\Visual Studio 2012\Projects\cuFluids\Fluid Renderer\OpenGL v1.01\Debug\cl.command.1.tlog
C:\Users\Zach\Documents\Visual Studio 2012\Projects\cuFluids\Fluid Renderer\OpenGL v1.01\Debug\CL.read.1.tlog
C:\Users\Zach\Documents\Visual Studio 2012\Projects\cuFluids\Fluid Renderer\OpenGL v1.01\Debug\CL.write.1.tlog
C:\Users\Zach\Documents\Visual Studio 2012\Projects\cuFluids\Fluid Renderer\OpenGL v1.01\Debug\link-cvtres.read.1.tlog
C:\Users\Zach\Documents\Visual Studio 2012\Projects\cuFluids\Fluid Renderer\OpenGL v1.01\Debug\link-cvtres.write.1.tlog
C:\Users\Zach\Documents\Visual Studio 2012\Projects\cuFluids\Fluid Renderer\OpenGL v1.01\Debug\link-rc.read.1.tlog
C:\Users\Zach\Documents\Visual Studio 2012\Projects\cuFluids\Fluid Renderer\OpenGL v1.01\Debug\link-rc.write.1.tlog
C:\Users\Zach\Documents\Visual Studio 2012\Projects\cuFluids\Fluid Renderer\OpenGL v1.01\Debug\link.command.1.tlog
C:\Users\Zach\Documents\Visual Studio 2012\Projects\cuFluids\Fluid Renderer\OpenGL v1.01\Debug\link.read.1.tlog
C:\Users\Zach\Documents\Visual Studio 2012\Projects\cuFluids\Fluid Renderer\OpenGL v1.01\Debug\link.read.2.tlog
C:\Users\Zach\Documents\Visual Studio 2012\Projects\cuFluids\Fluid Renderer\OpenGL v1.01\Debug\link.write.1.tlog
C:\Users\Zach\Documents\Visual Studio 2012\Projects\cuFluids\Fluid Renderer\OpenGL v1.01\Debug\vc110.idb
C:\Users\Zach\Documents\Visual Studio 2012\Projects\cuFluids\Fluid Renderer\OpenGL v1.01\Debug\vc110.pdb
C:\Users\Zach\Documents\Visual Studio 2012\Projects\cuFluids\Fluid Renderer\Debug\FluidsRenderer.pdb
C:\Users\Zach\Documents\Visual Studio 2012\Projects\cuFluids\Fluid Renderer\Debug\FluidsRenderer.exe
C:\Users\Zach\Documents\Visual Studio 2012\Projects\cuFluids\Fluid Renderer\Debug\FluidsRenderer.ilk
