C:\USERS\ZACH\DOCUMENTS\VISUAL STUDIO 2012\PROJECTS\CUFLUIDS\FLUIDS2D\FLUIDS2D\DEBUG\FLUIDS2D.PCH
C:\USERS\ZACH\DOCUMENTS\VISUAL STUDIO 2012\PROJECTS\CUFLUIDS\FLUIDS2D\FLUIDS2D\DEBUG\STDAFX.OBJ
C:\USERS\ZACH\DOCUMENTS\VISUAL STUDIO 2012\PROJECTS\CUFLUIDS\FLUIDS2D\FLUIDS2D\DEBUG\VC110.PDB
C:\USERS\ZACH\DOCUMENTS\VISUAL STUDIO 2012\PROJECTS\CUFLUIDS\FLUIDS2D\FLUIDS2D\DEBUG\FLUIDS2D.OBJ
C:\USERS\ZACH\DOCUMENTS\VISUAL STUDIO 2012\PROJECTS\CUFLUIDS\FLUIDS2D\FLUIDS2D\DEBUG\PARTICLE.OBJ
C:\USERS\ZACH\DOCUMENTS\VISUAL STUDIO 2012\PROJECTS\CUFLUIDS\FLUID RENDERER\DEBUG\FLUIDS2D.ILK
C:\USERS\ZACH\DOCUMENTS\VISUAL STUDIO 2012\PROJECTS\CUFLUIDS\FLUID RENDERER\DEBUG\FLUIDS2D.EXE
C:\USERS\ZACH\DOCUMENTS\VISUAL STUDIO 2012\PROJECTS\CUFLUIDS\FLUID RENDERER\DEBUG\FLUIDS2D.PDB
C:\Users\Zach\Documents\Visual Studio 2012\Projects\cuFluids\Fluids2D\Fluids2D\Debug\Fluids2D.obj
C:\Users\Zach\Documents\Visual Studio 2012\Projects\cuFluids\Fluids2D\Fluids2D\Debug\particle.obj
C:\Users\Zach\Documents\Visual Studio 2012\Projects\cuFluids\Fluids2D\Fluids2D\Debug\stdafx.obj
C:\Users\Zach\Documents\Visual Studio 2012\Projects\cuFluids\Fluids2D\Fluids2D\Debug\cl.command.1.tlog
C:\Users\Zach\Documents\Visual Studio 2012\Projects\cuFluids\Fluids2D\Fluids2D\Debug\CL.read.1.tlog
C:\Users\Zach\Documents\Visual Studio 2012\Projects\cuFluids\Fluids2D\Fluids2D\Debug\CL.write.1.tlog
C:\Users\Zach\Documents\Visual Studio 2012\Projects\cuFluids\Fluids2D\Fluids2D\Debug\link-cvtres.read.1.tlog
C:\Users\Zach\Documents\Visual Studio 2012\Projects\cuFluids\Fluids2D\Fluids2D\Debug\link-cvtres.write.1.tlog
C:\Users\Zach\Documents\Visual Studio 2012\Projects\cuFluids\Fluids2D\Fluids2D\Debug\link-rc.read.1.tlog
C:\Users\Zach\Documents\Visual Studio 2012\Projects\cuFluids\Fluids2D\Fluids2D\Debug\link-rc.write.1.tlog
C:\Users\Zach\Documents\Visual Studio 2012\Projects\cuFluids\Fluids2D\Fluids2D\Debug\link.command.1.tlog
C:\Users\Zach\Documents\Visual Studio 2012\Projects\cuFluids\Fluids2D\Fluids2D\Debug\link.read.1.tlog
C:\Users\Zach\Documents\Visual Studio 2012\Projects\cuFluids\Fluids2D\Fluids2D\Debug\link.write.1.tlog
C:\Users\Zach\Documents\Visual Studio 2012\Projects\cuFluids\Fluids2D\Fluids2D\Debug\Fluids2D.pch
C:\Users\Zach\Documents\Visual Studio 2012\Projects\cuFluids\Fluids2D\Fluids2D\Debug\vc110.idb
C:\Users\Zach\Documents\Visual Studio 2012\Projects\cuFluids\Fluids2D\Fluids2D\Debug\vc110.pdb
C:\Users\Zach\Documents\Visual Studio 2012\Projects\cuFluids\Fluid Renderer\Debug\Fluids2D.pdb
C:\Users\Zach\Documents\Visual Studio 2012\Projects\cuFluids\Fluid Renderer\Debug\Fluids2D.exe
C:\Users\Zach\Documents\Visual Studio 2012\Projects\cuFluids\Fluid Renderer\Debug\Fluids2D.ilk
