Build started 11/4/2014 8:49:30 PM.
     1>Project "C:\Users\Zach\Documents\Visual Studio 2012\Projects\cuFluids\Fluids2D\Fluids2D\Fluids2D.vcxproj" on node 2 (Build target(s)).
     1>ClCompile:
         C:\Program Files (x86)\Microsoft Visual Studio 11.0\VC\bin\CL.exe /c /ZI /nologo /W3 /WX- /sdl /Od /Oy- /D WIN32 /D _DEBUG /D _CONSOLE /D _UNICODE /D UNICODE /Gm /EHsc /RTC1 /MDd /GS /fp:precise /Zc:wchar_t /Zc:forScope /Yc"stdafx.h" /Fp"Debug\Fluids2D.pch" /Fo"Debug\\" /Fd"Debug\vc110.pdb" /Gd /TP /analyze- /errorReport:prompt stdafx.cpp
         stdafx.cpp
         C:\Program Files (x86)\Microsoft Visual Studio 11.0\VC\bin\CL.exe /c /ZI /nologo /W3 /WX- /sdl /Od /Oy- /D WIN32 /D _DEBUG /D _CONSOLE /D _UNICODE /D UNICODE /Gm /EHsc /RTC1 /MDd /GS /fp:precise /Zc:wchar_t /Zc:forScope /Yu"stdafx.h" /Fp"Debug\Fluids2D.pch" /Fo"Debug\\" /Fd"Debug\vc110.pdb" /Gd /TP /analyze- /errorReport:prompt Cell.cpp Fluids2D.cpp Solver.cpp particle.cpp
         particle.cpp
     1>c:\users\zach\documents\visual studio 2012\projects\cufluids\fluids2d\fluids2d\particle.cpp(76): warning C4244: 'return' : conversion from 'int' to 'float', possible loss of data
         Solver.cpp
     1>c:\users\zach\documents\visual studio 2012\projects\cufluids\fluids2d\fluids2d\solver.cpp(1): warning C4627: '#include "Solver.h"': skipped when looking for precompiled header use
                 Add directive to 'stdafx.h' or rebuild precompiled header
     1>c:\users\zach\documents\visual studio 2012\projects\cufluids\fluids2d\fluids2d\solver.cpp(65): fatal error C1010: unexpected end of file while looking for precompiled header. Did you forget to add '#include "stdafx.h"' to your source?
         Fluids2D.cpp
     1>c:\users\zach\documents\visual studio 2012\projects\cufluids\fluids2d\fluids2d\fluids2d.cpp(4): warning C4627: '#include "particle.h"': skipped when looking for precompiled header use
                 Add directive to 'stdafx.h' or rebuild precompiled header
     1>c:\users\zach\documents\visual studio 2012\projects\cufluids\fluids2d\fluids2d\fluids2d.cpp(6): warning C4627: '#include <iostream>': skipped when looking for precompiled header use
                 Add directive to 'stdafx.h' or rebuild precompiled header
     1>c:\users\zach\documents\visual studio 2012\projects\cufluids\fluids2d\fluids2d\fluids2d.cpp(7): warning C4627: '#include <Windows.h>': skipped when looking for precompiled header use
                 Add directive to 'stdafx.h' or rebuild precompiled header
     1>c:\users\zach\documents\visual studio 2012\projects\cufluids\fluids2d\fluids2d\fluids2d.cpp(84): fatal error C1010: unexpected end of file while looking for precompiled header. Did you forget to add '#include "stdafx.h"' to your source?
         Cell.cpp
     1>c:\users\zach\documents\visual studio 2012\projects\cufluids\fluids2d\fluids2d\cell.cpp(1): warning C4627: '#include "Cell.h"': skipped when looking for precompiled header use
                 Add directive to 'stdafx.h' or rebuild precompiled header
     1>c:\users\zach\documents\visual studio 2012\projects\cufluids\fluids2d\fluids2d\cell.cpp(93): fatal error C1010: unexpected end of file while looking for precompiled header. Did you forget to add '#include "stdafx.h"' to your source?
         Generating Code...
     1>Done Building Project "C:\Users\Zach\Documents\Visual Studio 2012\Projects\cuFluids\Fluids2D\Fluids2D\Fluids2D.vcxproj" (Build target(s)) -- FAILED.

Build FAILED.

Time Elapsed 00:00:00.47
