Build started 11/19/2014 9:28:00 PM.
     1>Project "C:\Users\Zach\Documents\GitHub\cuFluids\cuFluids\Solver2D\Solver2D\Solver2D.vcxproj" on node 2 (Build target(s)).
     1>ClCompile:
         C:\Program Files (x86)\Microsoft Visual Studio 12.0\VC\bin\CL.exe /c /ZI /nologo /W3 /WX- /sdl /Od /Oy- /D _MBCS /Gm /EHsc /RTC1 /MDd /GS /fp:precise /Zc:wchar_t /Zc:forScope /Fo"Debug\\" /Fd"Debug\vc120.pdb" /Gd /TP /analyze- /errorReport:prompt Cell.cpp Fluids2D.cpp particle.cpp Solver.cpp
         Solver.cpp
     1>c:\users\zach\documents\github\cufluids\cufluids\solver2d\solver2d\solver.cpp(5): warning C4244: 'argument' : conversion from 'time_t' to 'unsigned int', possible loss of data
     1>c:\users\zach\documents\github\cufluids\cufluids\solver2d\solver2d\solver.cpp(29): warning C4244: 'argument' : conversion from 'time_t' to 'unsigned int', possible loss of data
         particle.cpp
     1>c:\users\zach\documents\github\cufluids\cufluids\solver2d\solver2d\particle.cpp(76): warning C4244: 'return' : conversion from 'int' to 'float', possible loss of data
         Fluids2D.cpp
     1>c:\users\zach\documents\github\cufluids\cufluids\solver2d\solver2d\fluids2d.cpp(25): warning C4305: '+=' : truncation from 'double' to 'float'
         Cell.cpp
     1>c:\users\zach\documents\github\cufluids\cufluids\solver2d\solver2d\cell.cpp(28): warning C4244: '=' : conversion from 'double' to 'float', possible loss of data
     1>c:\users\zach\documents\github\cufluids\cufluids\solver2d\solver2d\cell.cpp(37): warning C4244: '=' : conversion from 'double' to 'float', possible loss of data
     1>c:\users\zach\documents\github\cufluids\cufluids\solver2d\solver2d\cell.cpp(81): warning C4244: 'initializing' : conversion from 'double' to 'float', possible loss of data
     1>c:\users\zach\documents\github\cufluids\cufluids\solver2d\solver2d\cell.cpp(85): warning C4244: 'initializing' : conversion from 'double' to 'float', possible loss of data
     1>c:\users\zach\documents\github\cufluids\cufluids\solver2d\solver2d\cell.cpp(90): warning C4244: 'initializing' : conversion from 'double' to 'float', possible loss of data
         Generating Code...
       Link:
         C:\Program Files (x86)\Microsoft Visual Studio 12.0\VC\bin\link.exe /ERRORREPORT:PROMPT /OUT:"C:\Users\Zach\Documents\GitHub\cuFluids\cuFluids\Solver2D\Debug\Solver2D.exe" /INCREMENTAL /NOLOGO kernel32.lib user32.lib gdi32.lib winspool.lib comdlg32.lib advapi32.lib shell32.lib ole32.lib oleaut32.lib uuid.lib odbc32.lib odbccp32.lib /MANIFEST /MANIFESTUAC:"level='asInvoker' uiAccess='false'" /manifest:embed /DEBUG /PDB:"C:\Users\Zach\Documents\GitHub\cuFluids\cuFluids\Solver2D\Debug\Solver2D.pdb" /TLBID:1 /DYNAMICBASE /NXCOMPAT /IMPLIB:"C:\Users\Zach\Documents\GitHub\cuFluids\cuFluids\Solver2D\Debug\Solver2D.lib" /MACHINE:X86 Debug\Cell.obj
         Debug\Fluids2D.obj
         Debug\particle.obj
         Debug\Solver.obj
         Solver2D.vcxproj -> C:\Users\Zach\Documents\GitHub\cuFluids\cuFluids\Solver2D\Debug\Solver2D.exe
     1>Done Building Project "C:\Users\Zach\Documents\GitHub\cuFluids\cuFluids\Solver2D\Solver2D\Solver2D.vcxproj" (Build target(s)).

Build succeeded.

Time Elapsed 00:00:02.32
